6:34:41 PM : ERROR   : The service youtube has thrown an exception: Google.GoogleApiException: Google.Apis.Requests.RequestError
The video identified by the <code><a href="/youtube/v3/docs/commentThreads/list#videoId">videoId</a></code> parameter has disabled comments. [403]
Errors [
	Message[The video identified by the <code><a href="/youtube/v3/docs/commentThreads/list#videoId">videoId</a></code> parameter has disabled comments.] Location[videoId - parameter] Reason[commentsDisabled] Domain[youtube.commentThread]
]

   at Google.Apis.Requests.ClientServiceRequest`1.<ParseResponse>d__34.MoveNext() in C:\Apiary\2018-10-17.13-21-41\Src\Support\Google.Apis\Requests\ClientServiceRequest.cs:line 192
--- End of stack trace from previous location where exception was thrown ---
   at System.Runtime.ExceptionServices.ExceptionDispatchInfo.Throw()
   at Google.Apis.Requests.ClientServiceRequest`1.Execute() in C:\Apiary\2018-10-17.13-21-41\Src\Support\Google.Apis\Requests\ClientServiceRequest.cs:line 116
   at YouTubeCrawler.VideoCommentsProcessing.GetCommentsFromVideo(String videoId) in E:\Projects\Github_Init\NightCrawler\YouTubeCrawler\Logic\VideoCommentsProcessing.cs:line 96
6:34:44 PM : ERROR   : The service youtube has thrown an exception: Google.GoogleApiException: Google.Apis.Requests.RequestError
The video identified by the <code><a href="/youtube/v3/docs/commentThreads/list#videoId">videoId</a></code> parameter has disabled comments. [403]
Errors [
	Message[The video identified by the <code><a href="/youtube/v3/docs/commentThreads/list#videoId">videoId</a></code> parameter has disabled comments.] Location[videoId - parameter] Reason[commentsDisabled] Domain[youtube.commentThread]
]

   at Google.Apis.Requests.ClientServiceRequest`1.<ParseResponse>d__34.MoveNext() in C:\Apiary\2018-10-17.13-21-41\Src\Support\Google.Apis\Requests\ClientServiceRequest.cs:line 192
--- End of stack trace from previous location where exception was thrown ---
   at System.Runtime.ExceptionServices.ExceptionDispatchInfo.Throw()
   at Google.Apis.Requests.ClientServiceRequest`1.Execute() in C:\Apiary\2018-10-17.13-21-41\Src\Support\Google.Apis\Requests\ClientServiceRequest.cs:line 116
   at YouTubeCrawler.VideoCommentsProcessing.GetCommentsFromVideo(String videoId) in E:\Projects\Github_Init\NightCrawler\YouTubeCrawler\Logic\VideoCommentsProcessing.cs:line 96
6:34:53 PM : ERROR   : The service youtube has thrown an exception: Google.GoogleApiException: Google.Apis.Requests.RequestError
The video identified by the <code><a href="/youtube/v3/docs/commentThreads/list#videoId">videoId</a></code> parameter has disabled comments. [403]
Errors [
	Message[The video identified by the <code><a href="/youtube/v3/docs/commentThreads/list#videoId">videoId</a></code> parameter has disabled comments.] Location[videoId - parameter] Reason[commentsDisabled] Domain[youtube.commentThread]
]

   at Google.Apis.Requests.ClientServiceRequest`1.<ParseResponse>d__34.MoveNext() in C:\Apiary\2018-10-17.13-21-41\Src\Support\Google.Apis\Requests\ClientServiceRequest.cs:line 192
--- End of stack trace from previous location where exception was thrown ---
   at System.Runtime.ExceptionServices.ExceptionDispatchInfo.Throw()
   at Google.Apis.Requests.ClientServiceRequest`1.Execute() in C:\Apiary\2018-10-17.13-21-41\Src\Support\Google.Apis\Requests\ClientServiceRequest.cs:line 116
   at YouTubeCrawler.VideoCommentsProcessing.GetCommentsFromVideo(String videoId) in E:\Projects\Github_Init\NightCrawler\YouTubeCrawler\Logic\VideoCommentsProcessing.cs:line 96
6:34:56 PM : ERROR   : The service youtube has thrown an exception: Google.GoogleApiException: Google.Apis.Requests.RequestError
The video identified by the <code><a href="/youtube/v3/docs/commentThreads/list#videoId">videoId</a></code> parameter has disabled comments. [403]
Errors [
	Message[The video identified by the <code><a href="/youtube/v3/docs/commentThreads/list#videoId">videoId</a></code> parameter has disabled comments.] Location[videoId - parameter] Reason[commentsDisabled] Domain[youtube.commentThread]
]

   at Google.Apis.Requests.ClientServiceRequest`1.<ParseResponse>d__34.MoveNext() in C:\Apiary\2018-10-17.13-21-41\Src\Support\Google.Apis\Requests\ClientServiceRequest.cs:line 192
--- End of stack trace from previous location where exception was thrown ---
   at System.Runtime.ExceptionServices.ExceptionDispatchInfo.Throw()
   at Google.Apis.Requests.ClientServiceRequest`1.Execute() in C:\Apiary\2018-10-17.13-21-41\Src\Support\Google.Apis\Requests\ClientServiceRequest.cs:line 116
   at YouTubeCrawler.VideoCommentsProcessing.GetCommentsFromVideo(String videoId) in E:\Projects\Github_Init\NightCrawler\YouTubeCrawler\Logic\VideoCommentsProcessing.cs:line 96
6:35:08 PM : ERROR   : The service youtube has thrown an exception: Google.GoogleApiException: Google.Apis.Requests.RequestError
The video identified by the <code><a href="/youtube/v3/docs/commentThreads/list#videoId">videoId</a></code> parameter has disabled comments. [403]
Errors [
	Message[The video identified by the <code><a href="/youtube/v3/docs/commentThreads/list#videoId">videoId</a></code> parameter has disabled comments.] Location[videoId - parameter] Reason[commentsDisabled] Domain[youtube.commentThread]
]

   at Google.Apis.Requests.ClientServiceRequest`1.<ParseResponse>d__34.MoveNext() in C:\Apiary\2018-10-17.13-21-41\Src\Support\Google.Apis\Requests\ClientServiceRequest.cs:line 192
--- End of stack trace from previous location where exception was thrown ---
   at System.Runtime.ExceptionServices.ExceptionDispatchInfo.Throw()
   at Google.Apis.Requests.ClientServiceRequest`1.Execute() in C:\Apiary\2018-10-17.13-21-41\Src\Support\Google.Apis\Requests\ClientServiceRequest.cs:line 116
   at YouTubeCrawler.VideoCommentsProcessing.GetCommentsFromVideo(String videoId) in E:\Projects\Github_Init\NightCrawler\YouTubeCrawler\Logic\VideoCommentsProcessing.cs:line 96
6:35:10 PM : ERROR   : The service youtube has thrown an exception: Google.GoogleApiException: Google.Apis.Requests.RequestError
The video identified by the <code><a href="/youtube/v3/docs/commentThreads/list#videoId">videoId</a></code> parameter has disabled comments. [403]
Errors [
	Message[The video identified by the <code><a href="/youtube/v3/docs/commentThreads/list#videoId">videoId</a></code> parameter has disabled comments.] Location[videoId - parameter] Reason[commentsDisabled] Domain[youtube.commentThread]
]

   at Google.Apis.Requests.ClientServiceRequest`1.<ParseResponse>d__34.MoveNext() in C:\Apiary\2018-10-17.13-21-41\Src\Support\Google.Apis\Requests\ClientServiceRequest.cs:line 192
--- End of stack trace from previous location where exception was thrown ---
   at System.Runtime.ExceptionServices.ExceptionDispatchInfo.Throw()
   at Google.Apis.Requests.ClientServiceRequest`1.Execute() in C:\Apiary\2018-10-17.13-21-41\Src\Support\Google.Apis\Requests\ClientServiceRequest.cs:line 116
   at YouTubeCrawler.VideoCommentsProcessing.GetCommentsFromVideo(String videoId) in E:\Projects\Github_Init\NightCrawler\YouTubeCrawler\Logic\VideoCommentsProcessing.cs:line 96
6:35:15 PM : ERROR   : The service youtube has thrown an exception: Google.GoogleApiException: Google.Apis.Requests.RequestError
The video identified by the <code><a href="/youtube/v3/docs/commentThreads/list#videoId">videoId</a></code> parameter has disabled comments. [403]
Errors [
	Message[The video identified by the <code><a href="/youtube/v3/docs/commentThreads/list#videoId">videoId</a></code> parameter has disabled comments.] Location[videoId - parameter] Reason[commentsDisabled] Domain[youtube.commentThread]
]

   at Google.Apis.Requests.ClientServiceRequest`1.<ParseResponse>d__34.MoveNext() in C:\Apiary\2018-10-17.13-21-41\Src\Support\Google.Apis\Requests\ClientServiceRequest.cs:line 192
--- End of stack trace from previous location where exception was thrown ---
   at System.Runtime.ExceptionServices.ExceptionDispatchInfo.Throw()
   at Google.Apis.Requests.ClientServiceRequest`1.Execute() in C:\Apiary\2018-10-17.13-21-41\Src\Support\Google.Apis\Requests\ClientServiceRequest.cs:line 116
   at YouTubeCrawler.VideoCommentsProcessing.GetCommentsFromVideo(String videoId) in E:\Projects\Github_Init\NightCrawler\YouTubeCrawler\Logic\VideoCommentsProcessing.cs:line 96
6:35:17 PM : ERROR   : The service youtube has thrown an exception: Google.GoogleApiException: Google.Apis.Requests.RequestError
The video identified by the <code><a href="/youtube/v3/docs/commentThreads/list#videoId">videoId</a></code> parameter has disabled comments. [403]
Errors [
	Message[The video identified by the <code><a href="/youtube/v3/docs/commentThreads/list#videoId">videoId</a></code> parameter has disabled comments.] Location[videoId - parameter] Reason[commentsDisabled] Domain[youtube.commentThread]
]

   at Google.Apis.Requests.ClientServiceRequest`1.<ParseResponse>d__34.MoveNext() in C:\Apiary\2018-10-17.13-21-41\Src\Support\Google.Apis\Requests\ClientServiceRequest.cs:line 192
--- End of stack trace from previous location where exception was thrown ---
   at System.Runtime.ExceptionServices.ExceptionDispatchInfo.Throw()
   at Google.Apis.Requests.ClientServiceRequest`1.Execute() in C:\Apiary\2018-10-17.13-21-41\Src\Support\Google.Apis\Requests\ClientServiceRequest.cs:line 116
   at YouTubeCrawler.VideoCommentsProcessing.GetCommentsFromVideo(String videoId) in E:\Projects\Github_Init\NightCrawler\YouTubeCrawler\Logic\VideoCommentsProcessing.cs:line 96
6:35:22 PM : ERROR   : The service youtube has thrown an exception: Google.GoogleApiException: Google.Apis.Requests.RequestError
The video identified by the <code><a href="/youtube/v3/docs/commentThreads/list#videoId">videoId</a></code> parameter has disabled comments. [403]
Errors [
	Message[The video identified by the <code><a href="/youtube/v3/docs/commentThreads/list#videoId">videoId</a></code> parameter has disabled comments.] Location[videoId - parameter] Reason[commentsDisabled] Domain[youtube.commentThread]
]

   at Google.Apis.Requests.ClientServiceRequest`1.<ParseResponse>d__34.MoveNext() in C:\Apiary\2018-10-17.13-21-41\Src\Support\Google.Apis\Requests\ClientServiceRequest.cs:line 192
--- End of stack trace from previous location where exception was thrown ---
   at System.Runtime.ExceptionServices.ExceptionDispatchInfo.Throw()
   at Google.Apis.Requests.ClientServiceRequest`1.Execute() in C:\Apiary\2018-10-17.13-21-41\Src\Support\Google.Apis\Requests\ClientServiceRequest.cs:line 116
   at YouTubeCrawler.VideoCommentsProcessing.GetCommentsFromVideo(String videoId) in E:\Projects\Github_Init\NightCrawler\YouTubeCrawler\Logic\VideoCommentsProcessing.cs:line 96
6:35:23 PM : ERROR   : The service youtube has thrown an exception: Google.GoogleApiException: Google.Apis.Requests.RequestError
The video identified by the <code><a href="/youtube/v3/docs/commentThreads/list#videoId">videoId</a></code> parameter has disabled comments. [403]
Errors [
	Message[The video identified by the <code><a href="/youtube/v3/docs/commentThreads/list#videoId">videoId</a></code> parameter has disabled comments.] Location[videoId - parameter] Reason[commentsDisabled] Domain[youtube.commentThread]
]

   at Google.Apis.Requests.ClientServiceRequest`1.<ParseResponse>d__34.MoveNext() in C:\Apiary\2018-10-17.13-21-41\Src\Support\Google.Apis\Requests\ClientServiceRequest.cs:line 192
--- End of stack trace from previous location where exception was thrown ---
   at System.Runtime.ExceptionServices.ExceptionDispatchInfo.Throw()
   at Google.Apis.Requests.ClientServiceRequest`1.Execute() in C:\Apiary\2018-10-17.13-21-41\Src\Support\Google.Apis\Requests\ClientServiceRequest.cs:line 116
   at YouTubeCrawler.VideoCommentsProcessing.GetCommentsFromVideo(String videoId) in E:\Projects\Github_Init\NightCrawler\YouTubeCrawler\Logic\VideoCommentsProcessing.cs:line 96
6:35:23 PM : ERROR   : The service youtube has thrown an exception: Google.GoogleApiException: Google.Apis.Requests.RequestError
The video identified by the <code><a href="/youtube/v3/docs/commentThreads/list#videoId">videoId</a></code> parameter has disabled comments. [403]
Errors [
	Message[The video identified by the <code><a href="/youtube/v3/docs/commentThreads/list#videoId">videoId</a></code> parameter has disabled comments.] Location[videoId - parameter] Reason[commentsDisabled] Domain[youtube.commentThread]
]

   at Google.Apis.Requests.ClientServiceRequest`1.<ParseResponse>d__34.MoveNext() in C:\Apiary\2018-10-17.13-21-41\Src\Support\Google.Apis\Requests\ClientServiceRequest.cs:line 192
--- End of stack trace from previous location where exception was thrown ---
   at System.Runtime.ExceptionServices.ExceptionDispatchInfo.Throw()
   at Google.Apis.Requests.ClientServiceRequest`1.Execute() in C:\Apiary\2018-10-17.13-21-41\Src\Support\Google.Apis\Requests\ClientServiceRequest.cs:line 116
   at YouTubeCrawler.VideoCommentsProcessing.GetCommentsFromVideo(String videoId) in E:\Projects\Github_Init\NightCrawler\YouTubeCrawler\Logic\VideoCommentsProcessing.cs:line 96
6:35:25 PM : ERROR   : The service youtube has thrown an exception: Google.GoogleApiException: Google.Apis.Requests.RequestError
The video identified by the <code><a href="/youtube/v3/docs/commentThreads/list#videoId">videoId</a></code> parameter has disabled comments. [403]
Errors [
	Message[The video identified by the <code><a href="/youtube/v3/docs/commentThreads/list#videoId">videoId</a></code> parameter has disabled comments.] Location[videoId - parameter] Reason[commentsDisabled] Domain[youtube.commentThread]
]

   at Google.Apis.Requests.ClientServiceRequest`1.<ParseResponse>d__34.MoveNext() in C:\Apiary\2018-10-17.13-21-41\Src\Support\Google.Apis\Requests\ClientServiceRequest.cs:line 192
--- End of stack trace from previous location where exception was thrown ---
   at System.Runtime.ExceptionServices.ExceptionDispatchInfo.Throw()
   at Google.Apis.Requests.ClientServiceRequest`1.Execute() in C:\Apiary\2018-10-17.13-21-41\Src\Support\Google.Apis\Requests\ClientServiceRequest.cs:line 116
   at YouTubeCrawler.VideoCommentsProcessing.GetCommentsFromVideo(String videoId) in E:\Projects\Github_Init\NightCrawler\YouTubeCrawler\Logic\VideoCommentsProcessing.cs:line 96
6:35:29 PM : ERROR   : The service youtube has thrown an exception: Google.GoogleApiException: Google.Apis.Requests.RequestError
The video identified by the <code><a href="/youtube/v3/docs/commentThreads/list#videoId">videoId</a></code> parameter has disabled comments. [403]
Errors [
	Message[The video identified by the <code><a href="/youtube/v3/docs/commentThreads/list#videoId">videoId</a></code> parameter has disabled comments.] Location[videoId - parameter] Reason[commentsDisabled] Domain[youtube.commentThread]
]

   at Google.Apis.Requests.ClientServiceRequest`1.<ParseResponse>d__34.MoveNext() in C:\Apiary\2018-10-17.13-21-41\Src\Support\Google.Apis\Requests\ClientServiceRequest.cs:line 192
--- End of stack trace from previous location where exception was thrown ---
   at System.Runtime.ExceptionServices.ExceptionDispatchInfo.Throw()
   at Google.Apis.Requests.ClientServiceRequest`1.Execute() in C:\Apiary\2018-10-17.13-21-41\Src\Support\Google.Apis\Requests\ClientServiceRequest.cs:line 116
   at YouTubeCrawler.VideoCommentsProcessing.GetCommentsFromVideo(String videoId) in E:\Projects\Github_Init\NightCrawler\YouTubeCrawler\Logic\VideoCommentsProcessing.cs:line 96
6:35:30 PM : ERROR   : The service youtube has thrown an exception: Google.GoogleApiException: Google.Apis.Requests.RequestError
The video identified by the <code><a href="/youtube/v3/docs/commentThreads/list#videoId">videoId</a></code> parameter has disabled comments. [403]
Errors [
	Message[The video identified by the <code><a href="/youtube/v3/docs/commentThreads/list#videoId">videoId</a></code> parameter has disabled comments.] Location[videoId - parameter] Reason[commentsDisabled] Domain[youtube.commentThread]
]

   at Google.Apis.Requests.ClientServiceRequest`1.<ParseResponse>d__34.MoveNext() in C:\Apiary\2018-10-17.13-21-41\Src\Support\Google.Apis\Requests\ClientServiceRequest.cs:line 192
--- End of stack trace from previous location where exception was thrown ---
   at System.Runtime.ExceptionServices.ExceptionDispatchInfo.Throw()
   at Google.Apis.Requests.ClientServiceRequest`1.Execute() in C:\Apiary\2018-10-17.13-21-41\Src\Support\Google.Apis\Requests\ClientServiceRequest.cs:line 116
   at YouTubeCrawler.VideoCommentsProcessing.GetCommentsFromVideo(String videoId) in E:\Projects\Github_Init\NightCrawler\YouTubeCrawler\Logic\VideoCommentsProcessing.cs:line 96
6:35:32 PM : ERROR   : The service youtube has thrown an exception: Google.GoogleApiException: Google.Apis.Requests.RequestError
The video identified by the <code><a href="/youtube/v3/docs/commentThreads/list#videoId">videoId</a></code> parameter has disabled comments. [403]
Errors [
	Message[The video identified by the <code><a href="/youtube/v3/docs/commentThreads/list#videoId">videoId</a></code> parameter has disabled comments.] Location[videoId - parameter] Reason[commentsDisabled] Domain[youtube.commentThread]
]

   at Google.Apis.Requests.ClientServiceRequest`1.<ParseResponse>d__34.MoveNext() in C:\Apiary\2018-10-17.13-21-41\Src\Support\Google.Apis\Requests\ClientServiceRequest.cs:line 192
--- End of stack trace from previous location where exception was thrown ---
   at System.Runtime.ExceptionServices.ExceptionDispatchInfo.Throw()
   at Google.Apis.Requests.ClientServiceRequest`1.Execute() in C:\Apiary\2018-10-17.13-21-41\Src\Support\Google.Apis\Requests\ClientServiceRequest.cs:line 116
   at YouTubeCrawler.VideoCommentsProcessing.GetCommentsFromVideo(String videoId) in E:\Projects\Github_Init\NightCrawler\YouTubeCrawler\Logic\VideoCommentsProcessing.cs:line 96
